<?xml version="1.0" encoding="UTF-8"?>
<testng-results ignored="0" total="3" passed="3" failed="0" skipped="0">
  <reporter-output>
  </reporter-output>
  <suite started-at="2024-11-29T12:31:02 IST" name="Default suite" finished-at="2024-11-29T12:31:37 IST" duration-ms="35211">
    <groups>
    </groups>
    <test started-at="2024-11-29T12:31:02 IST" name="Default test" finished-at="2024-11-29T12:31:37 IST" duration-ms="35211">
      <class name="com.covidTracker.qa.testcases.CovidTrackerPageTest">
        <test-method is-config="true" signature="setUp()[pri:0, instance:com.covidTracker.qa.testcases.CovidTrackerPageTest@1189dd52]" started-at="2024-11-29T12:31:02 IST" name="setUp" finished-at="2024-11-29T12:31:15 IST" duration-ms="13362" status="PASS">
          <reporter-output>
          </reporter-output>
        </test-method> <!-- setUp -->
        <test-method signature="validateTitleText()[pri:1, instance:com.covidTracker.qa.testcases.CovidTrackerPageTest@1189dd52]" started-at="2024-11-29T12:31:15 IST" name="validateTitleText" finished-at="2024-11-29T12:31:16 IST" duration-ms="199" status="PASS">
          <reporter-output>
          </reporter-output>
        </test-method> <!-- validateTitleText -->
        <test-method is-config="true" signature="tearDown()[pri:0, instance:com.covidTracker.qa.testcases.CovidTrackerPageTest@1189dd52]" started-at="2024-11-29T12:31:16 IST" name="tearDown" finished-at="2024-11-29T12:31:17 IST" duration-ms="941" status="PASS">
          <reporter-output>
          </reporter-output>
        </test-method> <!-- tearDown -->
        <test-method is-config="true" signature="setUp()[pri:0, instance:com.covidTracker.qa.testcases.CovidTrackerPageTest@1189dd52]" started-at="2024-11-29T12:31:17 IST" name="setUp" finished-at="2024-11-29T12:31:23 IST" duration-ms="6426" status="PASS">
          <reporter-output>
          </reporter-output>
        </test-method> <!-- setUp -->
        <test-method signature="testSelectStateAndPrintLineChartValues()[pri:2, instance:com.covidTracker.qa.testcases.CovidTrackerPageTest@1189dd52]" started-at="2024-11-29T12:31:23 IST" name="testSelectStateAndPrintLineChartValues" finished-at="2024-11-29T12:31:24 IST" duration-ms="783" status="PASS">
          <reporter-output>
          </reporter-output>
        </test-method> <!-- testSelectStateAndPrintLineChartValues -->
        <test-method is-config="true" signature="tearDown()[pri:0, instance:com.covidTracker.qa.testcases.CovidTrackerPageTest@1189dd52]" started-at="2024-11-29T12:31:24 IST" name="tearDown" finished-at="2024-11-29T12:31:24 IST" duration-ms="562" status="PASS">
          <reporter-output>
          </reporter-output>
        </test-method> <!-- tearDown -->
        <test-method is-config="true" signature="setUp()[pri:0, instance:com.covidTracker.qa.testcases.CovidTrackerPageTest@1189dd52]" started-at="2024-11-29T12:31:24 IST" name="setUp" finished-at="2024-11-29T12:31:30 IST" duration-ms="5349" status="PASS">
          <reporter-output>
          </reporter-output>
        </test-method> <!-- setUp -->
        <test-method signature="printLineChartValues()[pri:3, instance:com.covidTracker.qa.testcases.CovidTrackerPageTest@1189dd52]" started-at="2024-11-29T12:31:30 IST" name="printLineChartValues" finished-at="2024-11-29T12:31:37 IST" duration-ms="7114" status="PASS">
          <reporter-output>
          </reporter-output>
        </test-method> <!-- printLineChartValues -->
        <test-method is-config="true" signature="tearDown()[pri:0, instance:com.covidTracker.qa.testcases.CovidTrackerPageTest@1189dd52]" started-at="2024-11-29T12:31:37 IST" name="tearDown" finished-at="2024-11-29T12:31:37 IST" duration-ms="365" status="PASS">
          <reporter-output>
          </reporter-output>
        </test-method> <!-- tearDown -->
      </class> <!-- com.covidTracker.qa.testcases.CovidTrackerPageTest -->
    </test> <!-- Default test -->
  </suite> <!-- Default suite -->
</testng-results>
