<?xml version="1.0" encoding="UTF-8"?>
<!-- Generated by org.testng.reporters.JUnitXMLReporter -->
<testsuite ignored="0" hostname="Architha14" failures="0" tests="3" name="Default test" time="35.211" errors="0" timestamp="2024-11-29T12:31:37 IST">
  <testcase classname="com.covidTracker.qa.testcases.CovidTrackerPageTest" name="validateTitleText" time="0.199"/>
  <testcase classname="com.covidTracker.qa.testcases.CovidTrackerPageTest" name="testSelectStateAndPrintLineChartValues" time="0.783"/>
  <testcase classname="com.covidTracker.qa.testcases.CovidTrackerPageTest" name="printLineChartValues" time="7.114"/>
</testsuite> <!-- Default test -->
